11/29/2019 05:10:31 PM - LoginPage - INFO: Element found with locator: Login and locatorType: link
11/29/2019 05:10:31 PM - LoginPage - INFO: Clicked on element with locator: Login locatorType: link
11/29/2019 05:10:35 PM - LoginPage - INFO: Element found with locator: user_email and locatorType: id
11/29/2019 05:10:35 PM - LoginPage - INFO: Sent data on element with locator: user_email locatorType: id
11/29/2019 05:10:35 PM - LoginPage - INFO: Element found with locator: user_password and locatorType: id
11/29/2019 05:10:35 PM - LoginPage - INFO: Sent data on element with locator: user_password locatorType: id
11/29/2019 05:10:35 PM - LoginPage - INFO: Element found with locator: [name = commit] and locatorType: css
11/29/2019 05:10:37 PM - LoginPage - INFO: Clicked on element with locator: [name = commit] locatorType: css
11/29/2019 05:10:37 PM - LoginPage - INFO: Element found with locator: .alert.alert-danger and locatorType: css
11/29/2019 05:10:37 PM - LoginPage - INFO: Element Found
11/29/2019 05:10:40 PM - LoginPage - INFO: Element not found with locator: Login and locatorType: link
11/29/2019 05:10:40 PM - LoginPage - INFO: Cannot click on the element with locator: Login locatorType: link
11/29/2019 05:10:40 PM - LoginPage - INFO: Element found with locator: user_email and locatorType: id
11/29/2019 05:10:40 PM - LoginPage - INFO: Sent data on element with locator: user_email locatorType: id
11/29/2019 05:10:40 PM - LoginPage - INFO: Element found with locator: user_password and locatorType: id
11/29/2019 05:10:40 PM - LoginPage - INFO: Sent data on element with locator: user_password locatorType: id
11/29/2019 05:10:40 PM - LoginPage - INFO: Element found with locator: [name = commit] and locatorType: css
11/29/2019 05:10:40 PM - LoginPage - INFO: Clicked on element with locator: [name = commit] locatorType: css
11/29/2019 05:10:43 PM - LoginPage - INFO: Element not found with locator: gravatar and locatorType: class
11/29/2019 05:10:43 PM - LoginPage - INFO: Element not found
11/29/2019 05:16:34 PM - LoginPage - INFO: Element found with locator: Login and locatorType: link
11/29/2019 05:16:34 PM - LoginPage - INFO: Clicked on element with locator: Login locatorType: link
11/29/2019 05:16:38 PM - LoginPage - INFO: Element found with locator: user_email and locatorType: id
11/29/2019 05:16:38 PM - LoginPage - INFO: Sent data on element with locator: user_email locatorType: id
11/29/2019 05:16:38 PM - LoginPage - INFO: Element found with locator: user_password and locatorType: id
11/29/2019 05:16:38 PM - LoginPage - INFO: Sent data on element with locator: user_password locatorType: id
11/29/2019 05:16:38 PM - LoginPage - INFO: Element found with locator: [name = commit] and locatorType: css
11/29/2019 05:16:40 PM - LoginPage - INFO: Clicked on element with locator: [name = commit] locatorType: css
11/29/2019 05:16:40 PM - LoginPage - INFO: Element found with locator: .alert.alert-danger and locatorType: css
11/29/2019 05:16:40 PM - LoginPage - INFO: Element Found
11/29/2019 05:16:43 PM - LoginPage - INFO: Element not found with locator: Login and locatorType: link
11/29/2019 05:16:43 PM - LoginPage - INFO: Cannot click on the element with locator: Login locatorType: link
11/29/2019 05:16:43 PM - LoginPage - INFO: Element found with locator: user_email and locatorType: id
11/29/2019 05:16:43 PM - LoginPage - INFO: Sent data on element with locator: user_email locatorType: id
11/29/2019 05:16:43 PM - LoginPage - INFO: Element found with locator: user_password and locatorType: id
11/29/2019 05:16:43 PM - LoginPage - INFO: Sent data on element with locator: user_password locatorType: id
11/29/2019 05:16:43 PM - LoginPage - INFO: Element found with locator: [name = commit] and locatorType: css
11/29/2019 05:16:43 PM - LoginPage - INFO: Clicked on element with locator: [name = commit] locatorType: css
11/29/2019 05:16:46 PM - LoginPage - INFO: Element not found with locator: gravatar and locatorType: class
11/29/2019 05:16:46 PM - LoginPage - INFO: Element not found
11/29/2019 05:18:27 PM - LoginPage - INFO: Element found with locator: Login and locatorType: link
11/29/2019 05:18:27 PM - LoginPage - INFO: Clicked on element with locator: Login locatorType: link
11/29/2019 05:18:31 PM - LoginPage - INFO: Element found with locator: user_email and locatorType: id
11/29/2019 05:18:31 PM - LoginPage - INFO: Sent data on element with locator: user_email locatorType: id
11/29/2019 05:18:31 PM - LoginPage - INFO: Element found with locator: user_password and locatorType: id
11/29/2019 05:18:31 PM - LoginPage - INFO: Sent data on element with locator: user_password locatorType: id
11/29/2019 05:18:31 PM - LoginPage - INFO: Element found with locator: [name = commit] and locatorType: css
11/29/2019 05:18:33 PM - LoginPage - INFO: Clicked on element with locator: [name = commit] locatorType: css
11/29/2019 05:18:33 PM - LoginPage - INFO: Element found with locator: .alert.alert-danger and locatorType: css
11/29/2019 05:18:33 PM - LoginPage - INFO: Element Found
11/29/2019 05:18:36 PM - LoginPage - INFO: Element not found with locator: Login and locatorType: link
11/29/2019 05:18:36 PM - LoginPage - INFO: Cannot click on the element with locator: Login locatorType: link
11/29/2019 05:18:36 PM - LoginPage - INFO: Element found with locator: user_email and locatorType: id
11/29/2019 05:18:36 PM - LoginPage - INFO: Sent data on element with locator: user_email locatorType: id
11/29/2019 05:18:36 PM - LoginPage - INFO: Element found with locator: user_password and locatorType: id
11/29/2019 05:18:36 PM - LoginPage - INFO: Sent data on element with locator: user_password locatorType: id
11/29/2019 05:18:36 PM - LoginPage - INFO: Element found with locator: [name = commit] and locatorType: css
11/29/2019 05:18:40 PM - LoginPage - INFO: Clicked on element with locator: [name = commit] locatorType: css
11/29/2019 05:18:40 PM - LoginPage - INFO: Element found with locator: gravatar and locatorType: class
11/29/2019 05:18:40 PM - LoginPage - INFO: Element Found
11/29/2019 05:21:25 PM - LoginPage - INFO: Element found with locator: Login and locatorType: link
11/29/2019 05:21:25 PM - LoginPage - INFO: Clicked on element with locator: Login locatorType: link
11/29/2019 05:21:29 PM - LoginPage - INFO: Element found with locator: user_email and locatorType: id
11/29/2019 05:21:29 PM - LoginPage - INFO: Sent data on element with locator: user_email locatorType: id
11/29/2019 05:21:29 PM - LoginPage - INFO: Element found with locator: user_password and locatorType: id
11/29/2019 05:21:29 PM - LoginPage - INFO: Sent data on element with locator: user_password locatorType: id
11/29/2019 05:21:29 PM - LoginPage - INFO: Element found with locator: [name = commit] and locatorType: css
11/29/2019 05:21:32 PM - LoginPage - INFO: Clicked on element with locator: [name = commit] locatorType: css
11/29/2019 05:21:32 PM - LoginPage - INFO: Element found with locator: .alert.alert-danger and locatorType: css
11/29/2019 05:21:32 PM - LoginPage - INFO: Element Found
11/29/2019 05:21:35 PM - LoginPage - INFO: Element not found with locator: Login and locatorType: link
11/29/2019 05:21:35 PM - LoginPage - INFO: Cannot click on the element with locator: Login locatorType: link
11/29/2019 05:21:35 PM - LoginPage - INFO: Element found with locator: user_email and locatorType: id
11/29/2019 05:21:35 PM - LoginPage - INFO: Sent data on element with locator: user_email locatorType: id
11/29/2019 05:21:35 PM - LoginPage - INFO: Element found with locator: user_password and locatorType: id
11/29/2019 05:21:35 PM - LoginPage - INFO: Sent data on element with locator: user_password locatorType: id
11/29/2019 05:21:35 PM - LoginPage - INFO: Element found with locator: [name = commit] and locatorType: css
11/29/2019 05:21:35 PM - LoginPage - INFO: Clicked on element with locator: [name = commit] locatorType: css
11/29/2019 05:21:38 PM - LoginPage - INFO: Element not found with locator: gravatar and locatorType: class
11/29/2019 05:21:38 PM - LoginPage - INFO: Element not found
11/29/2019 05:22:17 PM - LoginPage - INFO: Element found with locator: Login and locatorType: link
11/29/2019 05:22:17 PM - LoginPage - INFO: Clicked on element with locator: Login locatorType: link
11/29/2019 05:22:20 PM - LoginPage - INFO: Element found with locator: user_email and locatorType: id
11/29/2019 05:22:20 PM - LoginPage - INFO: Sent data on element with locator: user_email locatorType: id
11/29/2019 05:22:20 PM - LoginPage - INFO: Element found with locator: user_password and locatorType: id
11/29/2019 05:22:20 PM - LoginPage - INFO: Sent data on element with locator: user_password locatorType: id
11/29/2019 05:22:20 PM - LoginPage - INFO: Element found with locator: [name = commit] and locatorType: css
11/29/2019 05:22:22 PM - LoginPage - INFO: Clicked on element with locator: [name = commit] locatorType: css
11/29/2019 05:22:22 PM - LoginPage - INFO: Element found with locator: .alert.alert-danger and locatorType: css
11/29/2019 05:22:22 PM - LoginPage - INFO: Element Found
11/29/2019 05:22:25 PM - LoginPage - INFO: Element not found with locator: Login and locatorType: link
11/29/2019 05:22:25 PM - LoginPage - INFO: Cannot click on the element with locator: Login locatorType: link
11/29/2019 05:22:25 PM - LoginPage - INFO: Element found with locator: user_email and locatorType: id
11/29/2019 05:22:25 PM - LoginPage - INFO: Sent data on element with locator: user_email locatorType: id
11/29/2019 05:22:25 PM - LoginPage - INFO: Element found with locator: user_password and locatorType: id
11/29/2019 05:22:25 PM - LoginPage - INFO: Sent data on element with locator: user_password locatorType: id
11/29/2019 05:22:25 PM - LoginPage - INFO: Element found with locator: [name = commit] and locatorType: css
11/29/2019 05:22:30 PM - LoginPage - INFO: Clicked on element with locator: [name = commit] locatorType: css
11/29/2019 05:22:30 PM - LoginPage - INFO: Element found with locator: gravatar and locatorType: class
11/29/2019 05:22:30 PM - LoginPage - INFO: Element Found
11/29/2019 05:55:04 PM - LoginPage - INFO: Element found with locator: Login and locatorType: link
11/29/2019 05:55:04 PM - LoginPage - INFO: Clicked on element with locator: Login locatorType: link
11/29/2019 05:55:08 PM - LoginPage - INFO: Element found with locator: user_email and locatorType: id
11/29/2019 05:55:08 PM - LoginPage - INFO: Sent data on element with locator: user_email locatorType: id
11/29/2019 05:55:08 PM - LoginPage - INFO: Element found with locator: user_password and locatorType: id
11/29/2019 05:55:08 PM - LoginPage - INFO: Sent data on element with locator: user_password locatorType: id
11/29/2019 05:55:08 PM - LoginPage - INFO: Element found with locator: [name = commit] and locatorType: css
11/29/2019 05:55:13 PM - LoginPage - INFO: Clicked on element with locator: [name = commit] locatorType: css
11/29/2019 05:55:13 PM - LoginPage - INFO: Element found with locator: gravatar and locatorType: class
11/29/2019 05:55:13 PM - LoginPage - INFO: Element Found
11/29/2019 05:57:09 PM - LoginPage - INFO: Element found with locator: Login and locatorType: link
11/29/2019 05:57:09 PM - LoginPage - INFO: Clicked on element with locator: Login locatorType: link
11/29/2019 05:57:13 PM - LoginPage - INFO: Element found with locator: user_email and locatorType: id
11/29/2019 05:57:13 PM - LoginPage - INFO: Sent data on element with locator: user_email locatorType: id
11/29/2019 05:57:13 PM - LoginPage - INFO: Element found with locator: user_password and locatorType: id
11/29/2019 05:57:14 PM - LoginPage - INFO: Sent data on element with locator: user_password locatorType: id
11/29/2019 05:57:14 PM - LoginPage - INFO: Element found with locator: [name = commit] and locatorType: css
11/29/2019 05:57:18 PM - LoginPage - INFO: Clicked on element with locator: [name = commit] locatorType: css
11/29/2019 05:57:18 PM - LoginPage - INFO: Element found with locator: gravatar and locatorType: class
11/29/2019 05:57:18 PM - LoginPage - INFO: Element Found
11/29/2019 06:03:42 PM - LoginPage - INFO: Element found with locator: Login and locatorType: link
11/29/2019 06:03:42 PM - LoginPage - INFO: Clicked on element with locator: Login locatorType: link
11/29/2019 06:03:46 PM - LoginPage - INFO: Element found with locator: user_email and locatorType: id
11/29/2019 06:03:46 PM - LoginPage - INFO: Sent data on element with locator: user_email locatorType: id
11/29/2019 06:03:46 PM - LoginPage - INFO: Element found with locator: user_password and locatorType: id
11/29/2019 06:03:46 PM - LoginPage - INFO: Sent data on element with locator: user_password locatorType: id
11/29/2019 06:03:46 PM - LoginPage - INFO: Element found with locator: [name = commit] and locatorType: css
11/29/2019 06:03:48 PM - LoginPage - INFO: Clicked on element with locator: [name = commit] locatorType: css
11/29/2019 06:03:48 PM - LoginPage - INFO: Element found with locator: .alert.alert-danger and locatorType: css
11/29/2019 06:03:48 PM - LoginPage - INFO: Element Found
11/29/2019 06:03:51 PM - LoginPage - INFO: Element not found with locator: Login and locatorType: link
11/29/2019 06:03:51 PM - LoginPage - INFO: Cannot click on the element with locator: Login locatorType: link
11/29/2019 06:03:51 PM - LoginPage - INFO: Element found with locator: user_email and locatorType: id
11/29/2019 06:03:51 PM - LoginPage - INFO: Sent data on element with locator: user_email locatorType: id
11/29/2019 06:03:51 PM - LoginPage - INFO: Element found with locator: user_password and locatorType: id
11/29/2019 06:03:51 PM - LoginPage - INFO: Sent data on element with locator: user_password locatorType: id
11/29/2019 06:03:51 PM - LoginPage - INFO: Element found with locator: [name = commit] and locatorType: css
11/29/2019 06:03:56 PM - LoginPage - INFO: Clicked on element with locator: [name = commit] locatorType: css
11/29/2019 06:03:56 PM - LoginPage - INFO: Element found with locator: gravatar and locatorType: class
11/29/2019 06:03:56 PM - LoginPage - INFO: Element Found
11/29/2019 06:27:36 PM - LoginPage - INFO: Element found with locator: Login and locatorType: link
11/29/2019 06:27:36 PM - LoginPage - INFO: Clicked on element with locator: Login locatorType: link
11/29/2019 06:27:40 PM - LoginPage - INFO: Element found with locator: user_email and locatorType: id
11/29/2019 06:27:40 PM - LoginPage - INFO: Sent data on element with locator: user_email locatorType: id
11/29/2019 06:27:40 PM - LoginPage - INFO: Element found with locator: user_password and locatorType: id
11/29/2019 06:27:40 PM - LoginPage - INFO: Sent data on element with locator: user_password locatorType: id
11/29/2019 06:27:40 PM - LoginPage - INFO: Element found with locator: [name = commit] and locatorType: css
11/29/2019 06:27:42 PM - LoginPage - INFO: Clicked on element with locator: [name = commit] locatorType: css
11/29/2019 06:27:42 PM - LoginPage - INFO: Element found with locator: .alert.alert-danger and locatorType: css
11/29/2019 06:27:42 PM - LoginPage - INFO: Element Found
11/29/2019 06:27:47 PM - LoginPage - INFO: Element not found with locator: Login and locatorType: link
11/29/2019 06:27:47 PM - LoginPage - INFO: Cannot click on the element with locator: Login locatorType: link
11/29/2019 06:27:47 PM - LoginPage - INFO: Element found with locator: user_email and locatorType: id
11/29/2019 06:27:47 PM - LoginPage - INFO: Sent data on element with locator: user_email locatorType: id
11/29/2019 06:27:47 PM - LoginPage - INFO: Element found with locator: user_password and locatorType: id
11/29/2019 06:27:47 PM - LoginPage - INFO: Sent data on element with locator: user_password locatorType: id
11/29/2019 06:27:47 PM - LoginPage - INFO: Element found with locator: [name = commit] and locatorType: css
11/29/2019 06:27:51 PM - LoginPage - INFO: Clicked on element with locator: [name = commit] locatorType: css
11/29/2019 06:27:51 PM - LoginPage - INFO: Element found with locator: gravatar and locatorType: class
11/29/2019 06:27:51 PM - LoginPage - INFO: Element Found
